<?xml version="1.0" encoding="UTF-8"?>
<coverage generated="1532983717048" clover="3.2.0">
  <project timestamp="1532983717048" name="All files">
    <metrics statements="30" coveredstatements="24" conditionals="18" coveredconditionals="18" methods="10" coveredmethods="9" elements="58" coveredelements="51" complexity="0" loc="30" ncloc="30" packages="3" files="5" classes="5">
      <package name="src">
        <metrics statements="4" coveredstatements="0" conditionals="0" coveredconditionals="0" methods="1" coveredmethods="0"/>
        <file name="main.js" path="C:\home\a16106p\code\eidcards\group-id-card-vue\src\main.js">
          <metrics statements="4" coveredstatements="0" conditionals="0" coveredconditionals="0" methods="1" coveredmethods="0"/>
          <line num="1" count="0" type="stmt"/>
          <line num="2" count="0" type="stmt"/>
          <line num="4" count="0" type="stmt"/>
          <line num="6" count="0" type="stmt"/>
        </file>
      </package>
      <package name="src.components">
        <metrics statements="2" coveredstatements="0" conditionals="0" coveredconditionals="0" methods="0" coveredmethods="0"/>
        <file name="groupList.js" path="C:\home\a16106p\code\eidcards\group-id-card-vue\src\components\groupList.js">
          <metrics statements="2" coveredstatements="0" conditionals="0" coveredconditionals="0" methods="0" coveredmethods="0"/>
          <line num="1" count="0" type="stmt"/>
          <line num="22" count="0" type="stmt"/>
        </file>
      </package>
      <package name="src.components.Group">
        <metrics statements="24" coveredstatements="24" conditionals="18" coveredconditionals="18" methods="9" coveredmethods="9"/>
        <file name="SubscriberSearch.vue" path="C:\home\a16106p\code\eidcards\group-id-card-vue\src\components\Group\SubscriberSearch.vue">
          <metrics statements="18" coveredstatements="18" conditionals="16" coveredconditionals="16" methods="7" coveredmethods="7"/>
          <line num="54" count="1" type="stmt"/>
          <line num="61" count="8" type="stmt"/>
          <line num="72" count="79" type="cond" truecount="6" falsecount="0"/>
          <line num="74" count="24" type="cond" truecount="4" falsecount="0"/>
          <line num="75" count="5" type="stmt"/>
          <line num="76" count="19" type="cond" truecount="2" falsecount="0"/>
          <line num="77" count="11" type="cond" truecount="4" falsecount="0"/>
          <line num="78" count="5" type="stmt"/>
          <line num="81" count="14" type="stmt"/>
          <line num="84" count="6" type="stmt"/>
          <line num="91" count="5" type="stmt"/>
          <line num="92" count="5" type="stmt"/>
          <line num="94" count="1" type="stmt"/>
          <line num="96" count="6" type="stmt"/>
          <line num="99" count="1" type="stmt"/>
          <line num="102" count="1" type="stmt"/>
          <line num="103" count="1" type="stmt"/>
          <line num="106" count="1" type="stmt"/>
        </file>
        <file name="api.js" path="C:\home\a16106p\code\eidcards\group-id-card-vue\src\components\Group\api.js">
          <metrics statements="5" coveredstatements="5" conditionals="2" coveredconditionals="2" methods="2" coveredmethods="2"/>
          <line num="3" count="1" type="stmt"/>
          <line num="5" count="6" type="stmt"/>
          <line num="6" count="6" type="cond" truecount="2" falsecount="0"/>
          <line num="7" count="1" type="stmt"/>
          <line num="9" count="5" type="stmt"/>
        </file>
        <file name="mocksearch.js" path="C:\home\a16106p\code\eidcards\group-id-card-vue\src\components\Group\mocksearch.js">
          <metrics statements="1" coveredstatements="1" conditionals="0" coveredconditionals="0" methods="0" coveredmethods="0"/>
          <line num="1" count="1" type="stmt"/>
        </file>
      </package>
    </metrics>
  </project>
</coverage>
