<?xml version="1.0" encoding="UTF-8"?>
<coverage generated="1532976233454" clover="3.2.0">
  <project timestamp="1532976233454" name="All files">
    <metrics statements="19" coveredstatements="13" conditionals="4" coveredconditionals="4" methods="8" coveredmethods="7" elements="31" coveredelements="24" complexity="0" loc="19" ncloc="19" packages="3" files="5" classes="5">
      <package name="src">
        <metrics statements="4" coveredstatements="0" conditionals="0" coveredconditionals="0" methods="1" coveredmethods="0"/>
        <file name="main.js" path="C:\home\a16106p\code\eidcards\group-id-card-vue\src\main.js">
          <metrics statements="4" coveredstatements="0" conditionals="0" coveredconditionals="0" methods="1" coveredmethods="0"/>
          <line num="1" count="0" type="stmt"/>
          <line num="2" count="0" type="stmt"/>
          <line num="4" count="0" type="stmt"/>
          <line num="6" count="0" type="stmt"/>
        </file>
      </package>
      <package name="src.components">
        <metrics statements="2" coveredstatements="0" conditionals="0" coveredconditionals="0" methods="0" coveredmethods="0"/>
        <file name="groupList.js" path="C:\home\a16106p\code\eidcards\group-id-card-vue\src\components\groupList.js">
          <metrics statements="2" coveredstatements="0" conditionals="0" coveredconditionals="0" methods="0" coveredmethods="0"/>
          <line num="1" count="0" type="stmt"/>
          <line num="22" count="0" type="stmt"/>
        </file>
      </package>
      <package name="src.components.Group">
        <metrics statements="13" coveredstatements="13" conditionals="4" coveredconditionals="4" methods="7" coveredmethods="7"/>
        <file name="SubscriberSearch.vue" path="C:\home\a16106p\code\eidcards\group-id-card-vue\src\components\Group\SubscriberSearch.vue">
          <metrics statements="9" coveredstatements="9" conditionals="4" coveredconditionals="4" methods="5" coveredmethods="5"/>
          <line num="36" count="1" type="stmt"/>
          <line num="43" count="4" type="stmt"/>
          <line num="53" count="11" type="cond" truecount="4" falsecount="0"/>
          <line num="56" count="1" type="stmt"/>
          <line num="62" count="1" type="stmt"/>
          <line num="63" count="1" type="stmt"/>
          <line num="66" count="1" type="stmt"/>
          <line num="67" count="1" type="stmt"/>
          <line num="70" count="1" type="stmt"/>
        </file>
        <file name="api.js" path="C:\home\a16106p\code\eidcards\group-id-card-vue\src\components\Group\api.js">
          <metrics statements="3" coveredstatements="3" conditionals="0" coveredconditionals="0" methods="2" coveredmethods="2"/>
          <line num="3" count="1" type="stmt"/>
          <line num="4" count="1" type="stmt"/>
          <line num="5" count="1" type="stmt"/>
        </file>
        <file name="mocksearch.js" path="C:\home\a16106p\code\eidcards\group-id-card-vue\src\components\Group\mocksearch.js">
          <metrics statements="1" coveredstatements="1" conditionals="0" coveredconditionals="0" methods="0" coveredmethods="0"/>
          <line num="1" count="1" type="stmt"/>
        </file>
      </package>
    </metrics>
  </project>
</coverage>
