{"C:\\home\\a16106p\\code\\eidcards\\group-id-card-vue\\src\\main.js": {"path":"C:\\home\\a16106p\\code\\eidcards\\group-id-card-vue\\src\\main.js","statementMap":{"0":{"start":{"line":1,"column":0},"end":{"line":null,"column":-1}},"1":{"start":{"line":2,"column":0},"end":{"line":null,"column":-1}},"2":{"start":{"line":4,"column":0},"end":{"line":null,"column":-1}},"3":{"start":{"line":6,"column":10},"end":{"line":null,"column":-1}}},"fnMap":{"0":{"name":"render","decl":{"start":{"line":6,"column":10},"end":{"line":null,"column":-1}},"loc":{"start":{"line":6,"column":10},"end":{"line":null,"column":-1}}}},"branchMap":{},"s":{"0":0,"1":0,"2":0,"3":0},"f":{"0":0},"b":{}}
,"C:\\home\\a16106p\\code\\eidcards\\group-id-card-vue\\src\\components\\groupList.js": {"path":"C:\\home\\a16106p\\code\\eidcards\\group-id-card-vue\\src\\components\\groupList.js","statementMap":{"0":{"start":{"line":1,"column":18},"end":{"line":1,"column":0}},"1":{"start":{"line":22,"column":0},"end":{"line":null,"column":-1}}},"fnMap":{},"branchMap":{},"s":{"0":0,"1":0},"f":{},"b":{}}
,"C:\\home\\a16106p\\code\\eidcards\\group-id-card-vue\\src\\components\\Group\\SubscriberSearch.vue": {"path":"C:\\home\\a16106p\\code\\eidcards\\group-id-card-vue\\src\\components\\Group\\SubscriberSearch.vue","statementMap":{"0":{"start":{"line":36,"column":0},"end":{"line":null,"column":-1}},"1":{"start":{"line":43,"column":0},"end":{"line":null,"column":-1}},"2":{"start":{"line":53,"column":0},"end":{"line":null,"column":-1}},"3":{"start":{"line":56,"column":0},"end":{"line":null,"column":-1}},"4":{"start":{"line":62,"column":0},"end":{"line":null,"column":-1}},"5":{"start":{"line":63,"column":0},"end":{"line":null,"column":-1}},"6":{"start":{"line":66,"column":0},"end":{"line":null,"column":-1}},"7":{"start":{"line":67,"column":0},"end":{"line":null,"column":-1}},"8":{"start":{"line":70,"column":0},"end":{"line":null,"column":-1}}},"fnMap":{"0":{"name":"data","decl":{"start":{"line":42,"column":0},"end":{"line":null,"column":-1}},"loc":{"start":{"line":42,"column":0},"end":{"line":52,"column":0}}},"1":{"name":"(anonymous_9)","decl":{"start":{"line":54,"column":0},"end":{"line":null,"column":-1}},"loc":{"start":{"line":54,"column":0},"end":{"line":53,"column":0}}},"2":{"name":"_callee","decl":{"start":{"line":53,"column":0},"end":{"line":null,"column":-1}},"loc":{"start":{"line":53,"column":0},"end":{"line":null,"column":-1}}},"3":{"name":"resetForm","decl":{"start":{"line":65,"column":0},"end":{"line":null,"column":-1}},"loc":{"start":{"line":65,"column":0},"end":{"line":68,"column":0}}},"4":{"name":"subscriberSearch","decl":{"start":{"line":69,"column":0},"end":{"line":null,"column":-1}},"loc":{"start":{"line":69,"column":0},"end":{"line":71,"column":0}}}},"branchMap":{"0":{"loc":{"start":{"line":53,"column":0},"end":{"line":null,"column":-1}},"type":"switch","locations":[{"start":{"line":53,"column":0},"end":{"line":null,"column":-1}},{"start":{"line":53,"column":0},"end":{"line":63,"column":0}},{"start":{"line":53,"column":0},"end":{"line":null,"column":-1}},{"start":{"line":53,"column":0},"end":{"line":null,"column":-1}}]}},"s":{"0":1,"1":4,"2":11,"3":1,"4":1,"5":1,"6":1,"7":1,"8":1},"f":{"0":4,"1":1,"2":4,"3":1,"4":1},"b":{"0":[1,1,1,1]}}
,"C:\\home\\a16106p\\code\\eidcards\\group-id-card-vue\\src\\components\\Group\\api.js": {"path":"C:\\home\\a16106p\\code\\eidcards\\group-id-card-vue\\src\\components\\Group\\api.js","statementMap":{"0":{"start":{"line":3,"column":12},"end":{"line":17,"column":1}},"1":{"start":{"line":4,"column":26},"end":{"line":6,"column":4}},"2":{"start":{"line":5,"column":4},"end":{"line":5,"column":25}}},"fnMap":{"0":{"name":"(anonymous_0)","decl":{"start":{"line":4,"column":20},"end":{"line":4,"column":21}},"loc":{"start":{"line":4,"column":26},"end":{"line":6,"column":4}},"line":4},"1":{"name":"(anonymous_1)","decl":{"start":{"line":4,"column":38},"end":{"line":4,"column":39}},"loc":{"start":{"line":4,"column":49},"end":{"line":6,"column":3}},"line":4}},"branchMap":{},"s":{"0":1,"1":1,"2":1},"f":{"0":1,"1":1},"b":{},"_coverageSchema":"332fd63041d2c1bcb487cc26dd0d5f7d97098a6c","hash":"6fc922eac4cd49a157b28571426c1c7baeb9f711"}
,"C:\\home\\a16106p\\code\\eidcards\\group-id-card-vue\\src\\components\\Group\\mocksearch.js": {"path":"C:\\home\\a16106p\\code\\eidcards\\group-id-card-vue\\src\\components\\Group\\mocksearch.js","statementMap":{"0":{"start":{"line":1,"column":20},"end":{"line":6,"column":1}}},"fnMap":{},"branchMap":{},"s":{"0":1},"f":{},"b":{},"_coverageSchema":"332fd63041d2c1bcb487cc26dd0d5f7d97098a6c","hash":"6507ec11fb8dc1855f5261390d6e8d17039fc807"}
}
