{"C:\\home\\a16106p\\code\\eidcards\\group-id-card-vue\\src\\main.js": {"path":"C:\\home\\a16106p\\code\\eidcards\\group-id-card-vue\\src\\main.js","statementMap":{"0":{"start":{"line":1,"column":0},"end":{"line":null,"column":-1}},"1":{"start":{"line":2,"column":0},"end":{"line":null,"column":-1}},"2":{"start":{"line":4,"column":0},"end":{"line":null,"column":-1}},"3":{"start":{"line":6,"column":10},"end":{"line":null,"column":-1}}},"fnMap":{"0":{"name":"render","decl":{"start":{"line":6,"column":10},"end":{"line":null,"column":-1}},"loc":{"start":{"line":6,"column":10},"end":{"line":null,"column":-1}}}},"branchMap":{},"s":{"0":0,"1":0,"2":0,"3":0},"f":{"0":0},"b":{}}
,"C:\\home\\a16106p\\code\\eidcards\\group-id-card-vue\\src\\components\\FormToggle.vue": {"path":"C:\\home\\a16106p\\code\\eidcards\\group-id-card-vue\\src\\components\\FormToggle.vue","statementMap":{"0":{"start":{"line":19,"column":0},"end":{"line":null,"column":-1}},"1":{"start":{"line":25,"column":0},"end":{"line":null,"column":-1}},"2":{"start":{"line":26,"column":0},"end":{"line":null,"column":-1}},"3":{"start":{"line":30,"column":0},"end":{"line":null,"column":-1}},"4":{"start":{"line":33,"column":0},"end":{"line":null,"column":-1}}},"fnMap":{"0":{"name":"data","decl":{"start":{"line":18,"column":0},"end":{"line":null,"column":-1}},"loc":{"start":{"line":18,"column":0},"end":{"line":22,"column":0}}},"1":{"name":"toggleMe","decl":{"start":{"line":24,"column":0},"end":{"line":null,"column":-1}},"loc":{"start":{"line":24,"column":0},"end":{"line":27,"column":0}}},"2":{"name":"toggleMessage","decl":{"start":{"line":30,"column":0},"end":{"line":null,"column":-1}},"loc":{"start":{"line":30,"column":0},"end":{"line":null,"column":-1}}},"3":{"name":"created","decl":{"start":{"line":32,"column":0},"end":{"line":null,"column":-1}},"loc":{"start":{"line":32,"column":0},"end":{"line":34,"column":0}}}},"branchMap":{"0":{"loc":{"start":{"line":30,"column":0},"end":{"line":null,"column":-1}},"type":"cond-expr","locations":[{"start":{"line":30,"column":0},"end":{"line":null,"column":-1}},{"start":{"line":30,"column":0},"end":{"line":null,"column":-1}}]}},"s":{"0":4,"1":3,"2":3,"3":7,"4":4},"f":{"0":4,"1":3,"2":7,"3":4},"b":{"0":[5,2]}}
,"C:\\home\\a16106p\\code\\eidcards\\group-id-card-vue\\src\\components\\GroupForm.vue": {"path":"C:\\home\\a16106p\\code\\eidcards\\group-id-card-vue\\src\\components\\GroupForm.vue","statementMap":{"0":{"start":{"line":14,"column":0},"end":{"line":null,"column":-1}},"1":{"start":{"line":15,"column":0},"end":{"line":null,"column":-1}},"2":{"start":{"line":16,"column":0},"end":{"line":null,"column":-1}},"3":{"start":{"line":18,"column":0},"end":{"line":null,"column":-1}},"4":{"start":{"line":25,"column":0},"end":{"line":null,"column":-1}},"5":{"start":{"line":32,"column":0},"end":{"line":null,"column":-1}},"6":{"start":{"line":34,"column":0},"end":{"line":null,"column":-1}},"7":{"start":{"line":40,"column":0},"end":{"line":null,"column":-1}}},"fnMap":{"0":{"name":"data","decl":{"start":{"line":24,"column":0},"end":{"line":null,"column":-1}},"loc":{"start":{"line":24,"column":0},"end":{"line":29,"column":0}}},"1":{"name":"toggleMessage","decl":{"start":{"line":31,"column":0},"end":{"line":null,"column":-1}},"loc":{"start":{"line":31,"column":0},"end":{"line":33,"column":0}}},"2":{"name":"showReplacementCardForm","decl":{"start":{"line":34,"column":0},"end":{"line":null,"column":-1}},"loc":{"start":{"line":34,"column":0},"end":{"line":null,"column":-1}}},"3":{"name":"handleMemberSearch","decl":{"start":{"line":37,"column":0},"end":{"line":null,"column":-1}},"loc":{"start":{"line":37,"column":0},"end":{"line":null,"column":-1}}},"4":{"name":"toggleForms","decl":{"start":{"line":39,"column":0},"end":{"line":null,"column":-1}},"loc":{"start":{"line":39,"column":0},"end":{"line":41,"column":0}}}},"branchMap":{"0":{"loc":{"start":{"line":32,"column":0},"end":{"line":null,"column":-1}},"type":"cond-expr","locations":[{"start":{"line":32,"column":0},"end":{"line":null,"column":-1}},{"start":{"line":32,"column":0},"end":{"line":null,"column":-1}}]}},"s":{"0":1,"1":1,"2":1,"3":1,"4":2,"5":0,"6":5,"7":0},"f":{"0":2,"1":0,"2":5,"3":0,"4":0},"b":{"0":[0,0]}}
,"C:\\home\\a16106p\\code\\eidcards\\group-id-card-vue\\src\\components\\MemberForm.vue": {"path":"C:\\home\\a16106p\\code\\eidcards\\group-id-card-vue\\src\\components\\MemberForm.vue","statementMap":{"0":{"start":{"line":16,"column":0},"end":{"line":null,"column":-1}},"1":{"start":{"line":17,"column":0},"end":{"line":null,"column":-1}},"2":{"start":{"line":18,"column":0},"end":{"line":null,"column":-1}},"3":{"start":{"line":19,"column":0},"end":{"line":null,"column":-1}},"4":{"start":{"line":25,"column":0},"end":{"line":null,"column":-1}},"5":{"start":{"line":32,"column":0},"end":{"line":null,"column":-1}}},"fnMap":{"0":{"name":"data","decl":{"start":{"line":24,"column":0},"end":{"line":null,"column":-1}},"loc":{"start":{"line":24,"column":0},"end":{"line":29,"column":0}}},"1":{"name":"handleOrderSubmitted","decl":{"start":{"line":31,"column":0},"end":{"line":null,"column":-1}},"loc":{"start":{"line":31,"column":0},"end":{"line":33,"column":0}}}},"branchMap":{},"s":{"0":1,"1":1,"2":1,"3":1,"4":2,"5":0},"f":{"0":2,"1":0},"b":{}}
,"C:\\home\\a16106p\\code\\eidcards\\group-id-card-vue\\src\\components\\groupList.js": {"path":"C:\\home\\a16106p\\code\\eidcards\\group-id-card-vue\\src\\components\\groupList.js","statementMap":{"0":{"start":{"line":1,"column":18},"end":{"line":20,"column":1}},"1":{"start":{"line":22,"column":0},"end":{"line":22,"column":27}}},"fnMap":{},"branchMap":{},"s":{"0":2,"1":2},"f":{},"b":{},"_coverageSchema":"332fd63041d2c1bcb487cc26dd0d5f7d97098a6c","hash":"ee30ed8d5dccd797f0ed8acb763ea6bc03991abc"}
,"C:\\home\\a16106p\\code\\eidcards\\group-id-card-vue\\src\\components\\Group\\ReplacementCardForm.vue": {"path":"C:\\home\\a16106p\\code\\eidcards\\group-id-card-vue\\src\\components\\Group\\ReplacementCardForm.vue","statementMap":{"0":{"start":{"line":70,"column":0},"end":{"line":null,"column":-1}},"1":{"start":{"line":80,"column":0},"end":{"line":null,"column":-1}},"2":{"start":{"line":81,"column":0},"end":{"line":83,"column":0}},"3":{"start":{"line":82,"column":0},"end":{"line":null,"column":-1}},"4":{"start":{"line":84,"column":0},"end":{"line":86,"column":0}},"5":{"start":{"line":85,"column":0},"end":{"line":null,"column":-1}},"6":{"start":{"line":87,"column":0},"end":{"line":89,"column":0}},"7":{"start":{"line":88,"column":0},"end":{"line":null,"column":-1}},"8":{"start":{"line":92,"column":0},"end":{"line":null,"column":-1}}},"fnMap":{"0":{"name":"data","decl":{"start":{"line":69,"column":0},"end":{"line":null,"column":-1}},"loc":{"start":{"line":69,"column":0},"end":{"line":77,"column":0}}},"1":{"name":"submitForm","decl":{"start":{"line":79,"column":0},"end":{"line":null,"column":-1}},"loc":{"start":{"line":79,"column":0},"end":{"line":90,"column":0}}},"2":{"name":"subscriberSearch","decl":{"start":{"line":91,"column":0},"end":{"line":null,"column":-1}},"loc":{"start":{"line":91,"column":0},"end":{"line":93,"column":0}}}},"branchMap":{"0":{"loc":{"start":{"line":81,"column":0},"end":{"line":83,"column":0}},"type":"if","locations":[{"start":{"line":81,"column":0},"end":{"line":83,"column":0}},{"start":{"line":81,"column":0},"end":{"line":83,"column":0}}]},"1":{"loc":{"start":{"line":84,"column":0},"end":{"line":86,"column":0}},"type":"if","locations":[{"start":{"line":84,"column":0},"end":{"line":86,"column":0}},{"start":{"line":84,"column":0},"end":{"line":86,"column":0}}]},"2":{"loc":{"start":{"line":87,"column":0},"end":{"line":89,"column":0}},"type":"if","locations":[{"start":{"line":87,"column":0},"end":{"line":89,"column":0}},{"start":{"line":87,"column":0},"end":{"line":89,"column":0}}]}},"s":{"0":7,"1":2,"2":2,"3":1,"4":2,"5":1,"6":2,"7":1,"8":1},"f":{"0":7,"1":2,"2":1},"b":{"0":[1,1],"1":[1,1],"2":[1,1]}}
,"C:\\home\\a16106p\\code\\eidcards\\group-id-card-vue\\src\\components\\Group\\TemporaryCardForm.vue": {"path":"C:\\home\\a16106p\\code\\eidcards\\group-id-card-vue\\src\\components\\Group\\TemporaryCardForm.vue","statementMap":{"0":{"start":{"line":106,"column":0},"end":{"line":null,"column":-1}},"1":{"start":{"line":119,"column":0},"end":{"line":null,"column":-1}},"2":{"start":{"line":124,"column":0},"end":{"line":null,"column":-1}},"3":{"start":{"line":125,"column":0},"end":{"line":null,"column":-1}},"4":{"start":{"line":126,"column":0},"end":{"line":null,"column":-1}},"5":{"start":{"line":129,"column":0},"end":{"line":null,"column":-1}},"6":{"start":{"line":130,"column":0},"end":{"line":132,"column":0}},"7":{"start":{"line":131,"column":0},"end":{"line":null,"column":-1}},"8":{"start":{"line":133,"column":0},"end":{"line":135,"column":0}},"9":{"start":{"line":134,"column":0},"end":{"line":null,"column":-1}},"10":{"start":{"line":136,"column":0},"end":{"line":138,"column":0}},"11":{"start":{"line":137,"column":0},"end":{"line":null,"column":-1}},"12":{"start":{"line":139,"column":0},"end":{"line":null,"column":-1}},"13":{"start":{"line":140,"column":0},"end":{"line":null,"column":-1}},"14":{"start":{"line":143,"column":0},"end":{"line":null,"column":-1}}},"fnMap":{"0":{"name":"data","decl":{"start":{"line":105,"column":0},"end":{"line":null,"column":-1}},"loc":{"start":{"line":105,"column":0},"end":{"line":116,"column":0}}},"1":{"name":"formValid","decl":{"start":{"line":118,"column":0},"end":{"line":null,"column":-1}},"loc":{"start":{"line":118,"column":0},"end":{"line":120,"column":0}}},"2":{"name":"groupChanged","decl":{"start":{"line":123,"column":0},"end":{"line":null,"column":-1}},"loc":{"start":{"line":123,"column":0},"end":{"line":127,"column":0}}},"3":{"name":"(anonymous_4)","decl":{"start":{"line":125,"column":0},"end":{"line":null,"column":-1}},"loc":{"start":{"line":125,"column":0},"end":{"line":null,"column":-1}}},"4":{"name":"checkForm","decl":{"start":{"line":128,"column":0},"end":{"line":null,"column":-1}},"loc":{"start":{"line":128,"column":0},"end":{"line":141,"column":0}}},"5":{"name":"subscriberSearch","decl":{"start":{"line":142,"column":0},"end":{"line":null,"column":-1}},"loc":{"start":{"line":142,"column":0},"end":{"line":144,"column":0}}}},"branchMap":{"0":{"loc":{"start":{"line":119,"column":0},"end":{"line":null,"column":-1}},"type":"binary-expr","locations":[{"start":{"line":119,"column":0},"end":{"line":null,"column":-1}},{"start":{"line":119,"column":0},"end":{"line":null,"column":-1}}]},"1":{"loc":{"start":{"line":130,"column":0},"end":{"line":132,"column":0}},"type":"if","locations":[{"start":{"line":130,"column":0},"end":{"line":132,"column":0}},{"start":{"line":130,"column":0},"end":{"line":132,"column":0}}]},"2":{"loc":{"start":{"line":133,"column":0},"end":{"line":135,"column":0}},"type":"if","locations":[{"start":{"line":133,"column":0},"end":{"line":135,"column":0}},{"start":{"line":133,"column":0},"end":{"line":135,"column":0}}]},"3":{"loc":{"start":{"line":136,"column":0},"end":{"line":138,"column":0}},"type":"if","locations":[{"start":{"line":136,"column":0},"end":{"line":138,"column":0}},{"start":{"line":136,"column":0},"end":{"line":138,"column":0}}]}},"s":{"0":8,"1":2,"2":1,"3":2,"4":1,"5":1,"6":1,"7":1,"8":1,"9":0,"10":1,"11":0,"12":1,"13":1,"14":1},"f":{"0":8,"1":2,"2":1,"3":1,"4":1,"5":1},"b":{"0":[2,1],"1":[1,0],"2":[0,1],"3":[0,1]}}
,"C:\\home\\a16106p\\code\\eidcards\\group-id-card-vue\\src\\components\\Member\\ReplacementCardForm.vue": {"path":"C:\\home\\a16106p\\code\\eidcards\\group-id-card-vue\\src\\components\\Member\\ReplacementCardForm.vue","statementMap":{"0":{"start":{"line":51,"column":0},"end":{"line":null,"column":-1}},"1":{"start":{"line":57,"column":0},"end":{"line":null,"column":-1}}},"fnMap":{"0":{"name":"data","decl":{"start":{"line":50,"column":0},"end":{"line":null,"column":-1}},"loc":{"start":{"line":50,"column":0},"end":{"line":54,"column":0}}},"1":{"name":"orderReplacement","decl":{"start":{"line":56,"column":0},"end":{"line":null,"column":-1}},"loc":{"start":{"line":56,"column":0},"end":{"line":58,"column":0}}}},"branchMap":{},"s":{"0":3,"1":1},"f":{"0":3,"1":1},"b":{}}
,"C:\\home\\a16106p\\code\\eidcards\\group-id-card-vue\\src\\components\\Member\\TemporaryCardForm.vue": {"path":"C:\\home\\a16106p\\code\\eidcards\\group-id-card-vue\\src\\components\\Member\\TemporaryCardForm.vue","statementMap":{"0":{"start":{"line":84,"column":0},"end":{"line":null,"column":-1}},"1":{"start":{"line":92,"column":0},"end":{"line":null,"column":-1}}},"fnMap":{"0":{"name":"data","decl":{"start":{"line":83,"column":0},"end":{"line":null,"column":-1}},"loc":{"start":{"line":83,"column":0},"end":{"line":89,"column":0}}},"1":{"name":"downloadPdf","decl":{"start":{"line":91,"column":0},"end":{"line":null,"column":-1}},"loc":{"start":{"line":91,"column":0},"end":{"line":93,"column":0}}}},"branchMap":{},"s":{"0":4,"1":1},"f":{"0":4,"1":1},"b":{}}
}
