TN:
SF:C:\home\a16106p\code\eidcards\group-id-card-vue\src\main.js
FN:6,render
FNF:1
FNH:0
FNDA:0,render
DA:1,0
DA:2,0
DA:4,0
DA:6,0
LF:4
LH:0
BRF:0
BRH:0
end_of_record
TN:
SF:C:\home\a16106p\code\eidcards\group-id-card-vue\src\components\FormToggle.vue
FN:18,data
FN:24,toggleMe
FN:30,toggleMessage
FN:32,created
FNF:4
FNH:4
FNDA:2,data
FNDA:1,toggleMe
FNDA:3,toggleMessage
FNDA:2,created
DA:19,2
DA:25,1
DA:26,1
DA:30,3
DA:33,2
LF:5
LH:5
BRDA:30,0,0,2
BRDA:30,0,1,1
BRF:2
BRH:2
end_of_record
TN:
SF:C:\home\a16106p\code\eidcards\group-id-card-vue\src\components\MemberForm.vue
FN:24,data
FN:31,handleOrderSubmitted
FNF:2
FNH:1
FNDA:2,data
FNDA:0,handleOrderSubmitted
DA:16,1
DA:17,1
DA:18,1
DA:19,1
DA:25,2
DA:32,0
LF:6
LH:5
BRF:0
BRH:0
end_of_record
TN:
SF:C:\home\a16106p\code\eidcards\group-id-card-vue\src\components\groupList.js
FNF:0
FNH:0
DA:1,1
DA:22,1
LF:2
LH:2
BRF:0
BRH:0
end_of_record
TN:
SF:C:\home\a16106p\code\eidcards\group-id-card-vue\src\components\Group\ReplacementCardForm.vue
FN:70,data
FN:81,submitForm
FN:97,subscriberSearch
FNF:3
FNH:2
FNDA:4,data
FNDA:2,submitForm
FNDA:0,subscriberSearch
DA:64,1
DA:71,4
DA:82,2
DA:83,2
DA:84,1
DA:86,2
DA:87,1
DA:89,2
DA:90,1
DA:98,0
DA:99,0
LF:11
LH:9
BRDA:83,0,0,1
BRDA:83,0,1,1
BRDA:86,1,0,1
BRDA:86,1,1,1
BRDA:89,2,0,1
BRDA:89,2,1,1
BRF:6
BRH:6
end_of_record
TN:
SF:C:\home\a16106p\code\eidcards\group-id-card-vue\src\components\Group\SubscriberSearch.vue
FN:85,data
FN:98,formInvalid
FN:108,(anonymous_10)
FN:97,_callee
FN:123,handleSubscriberSelected
FN:127,resetForm
FN:136,subscriberSearch
FNF:7
FNH:7
FNDA:12,data
FNDA:24,formInvalid
FNDA:2,(anonymous_10)
FNDA:24,_callee
FNDA:1,handleSubscriberSelected
FNDA:2,resetForm
FNDA:1,subscriberSearch
DA:80,2
DA:86,12
DA:97,81
DA:99,24
DA:100,5
DA:101,19
DA:102,11
DA:103,5
DA:106,14
DA:109,6
DA:116,5
DA:117,5
DA:119,1
DA:121,6
DA:124,1
DA:125,1
DA:128,2
DA:129,2
DA:130,2
DA:131,2
DA:132,2
DA:133,2
DA:134,2
DA:137,1
LF:24
LH:24
BRDA:99,0,0,5
BRDA:99,0,1,19
BRDA:99,1,0,24
BRDA:99,1,1,13
BRDA:101,2,0,11
BRDA:101,2,1,8
BRDA:102,3,0,5
BRDA:102,3,1,6
BRDA:102,4,0,11
BRDA:102,4,1,8
BRDA:97,5,0,6
BRDA:97,5,1,5
BRDA:97,5,2,1
BRDA:97,5,3,6
BRDA:97,5,4,6
BRDA:97,5,5,6
BRF:16
BRH:16
end_of_record
TN:
SF:C:\home\a16106p\code\eidcards\group-id-card-vue\src\components\Group\api.js
FN:7,(anonymous_0)
FN:8,(anonymous_1)
FN:17,(anonymous_2)
FN:21,(anonymous_3)
FN:27,(anonymous_4)
FN:30,(anonymous_5)
FNF:6
FNH:2
FNDA:6,(anonymous_0)
FNDA:6,(anonymous_1)
FNDA:0,(anonymous_2)
FNDA:0,(anonymous_3)
FNDA:0,(anonymous_4)
FNDA:0,(anonymous_5)
DA:4,2
DA:6,2
DA:8,6
DA:9,6
DA:10,1
DA:12,5
DA:21,0
DA:22,0
DA:28,0
DA:31,0
LF:10
LH:6
BRDA:9,0,0,1
BRDA:9,0,1,5
BRF:2
BRH:2
end_of_record
TN:
SF:C:\home\a16106p\code\eidcards\group-id-card-vue\src\components\Group\mocksearch.js
FNF:0
FNH:0
DA:1,2
LF:1
LH:1
BRF:0
BRH:0
end_of_record
TN:
SF:C:\home\a16106p\code\eidcards\group-id-card-vue\src\components\Member\ReplacementCardForm.vue
FN:50,data
FN:56,orderReplacement
FNF:2
FNH:2
FNDA:3,data
FNDA:1,orderReplacement
DA:51,3
DA:57,1
LF:2
LH:2
BRF:0
BRH:0
end_of_record
TN:
SF:C:\home\a16106p\code\eidcards\group-id-card-vue\src\components\Member\TemporaryCardForm.vue
FN:83,data
FN:91,downloadPdf
FNF:2
FNH:2
FNDA:4,data
FNDA:1,downloadPdf
DA:84,4
DA:92,1
LF:2
LH:2
BRF:0
BRH:0
end_of_record
