TN:
SF:C:\home\a16106p\code\eidcards\group-id-card-vue\src\main.js
FN:6,render
FNF:1
FNH:0
FNDA:0,render
DA:1,0
DA:2,0
DA:4,0
DA:6,0
LF:4
LH:0
BRF:0
BRH:0
end_of_record
TN:
SF:C:\home\a16106p\code\eidcards\group-id-card-vue\src\components\FormToggle.vue
FN:18,data
FN:24,toggleMe
FN:30,toggleMessage
FN:32,created
FNF:4
FNH:4
FNDA:4,data
FNDA:3,toggleMe
FNDA:7,toggleMessage
FNDA:4,created
DA:19,4
DA:25,3
DA:26,3
DA:30,7
DA:33,4
LF:5
LH:5
BRDA:30,0,0,5
BRDA:30,0,1,2
BRF:2
BRH:2
end_of_record
TN:
SF:C:\home\a16106p\code\eidcards\group-id-card-vue\src\components\GroupForm.vue
FN:24,data
FN:31,toggleMessage
FN:34,showReplacementCardForm
FN:37,handleMemberSearch
FN:39,toggleForms
FNF:5
FNH:2
FNDA:2,data
FNDA:0,toggleMessage
FNDA:5,showReplacementCardForm
FNDA:0,handleMemberSearch
FNDA:0,toggleForms
DA:14,1
DA:15,1
DA:16,1
DA:18,1
DA:25,2
DA:32,0
DA:34,5
DA:40,0
LF:8
LH:6
BRDA:32,0,0,0
BRDA:32,0,1,0
BRF:2
BRH:0
end_of_record
TN:
SF:C:\home\a16106p\code\eidcards\group-id-card-vue\src\components\MemberForm.vue
FN:24,data
FN:31,handleOrderSubmitted
FNF:2
FNH:1
FNDA:2,data
FNDA:0,handleOrderSubmitted
DA:16,1
DA:17,1
DA:18,1
DA:19,1
DA:25,2
DA:32,0
LF:6
LH:5
BRF:0
BRH:0
end_of_record
TN:
SF:C:\home\a16106p\code\eidcards\group-id-card-vue\src\components\groupList.js
FNF:0
FNH:0
DA:1,2
DA:22,2
LF:2
LH:2
BRF:0
BRH:0
end_of_record
TN:
SF:C:\home\a16106p\code\eidcards\group-id-card-vue\src\components\Group\ReplacementCardForm.vue
FN:69,data
FN:79,submitForm
FN:91,subscriberSearch
FNF:3
FNH:3
FNDA:7,data
FNDA:2,submitForm
FNDA:1,subscriberSearch
DA:70,7
DA:80,2
DA:81,2
DA:82,1
DA:84,2
DA:85,1
DA:87,2
DA:88,1
DA:92,1
LF:9
LH:9
BRDA:81,0,0,1
BRDA:81,0,1,1
BRDA:84,1,0,1
BRDA:84,1,1,1
BRDA:87,2,0,1
BRDA:87,2,1,1
BRF:6
BRH:6
end_of_record
TN:
SF:C:\home\a16106p\code\eidcards\group-id-card-vue\src\components\Group\TemporaryCardForm.vue
FN:105,data
FN:118,formValid
FN:123,groupChanged
FN:125,(anonymous_4)
FN:128,checkForm
FN:142,subscriberSearch
FNF:6
FNH:6
FNDA:8,data
FNDA:2,formValid
FNDA:1,groupChanged
FNDA:1,(anonymous_4)
FNDA:1,checkForm
FNDA:1,subscriberSearch
DA:106,8
DA:119,2
DA:124,1
DA:125,2
DA:126,1
DA:129,1
DA:130,1
DA:131,1
DA:133,1
DA:134,0
DA:136,1
DA:137,0
DA:139,1
DA:140,1
DA:143,1
LF:15
LH:13
BRDA:119,0,0,2
BRDA:119,0,1,1
BRDA:130,1,0,1
BRDA:130,1,1,0
BRDA:133,2,0,0
BRDA:133,2,1,1
BRDA:136,3,0,0
BRDA:136,3,1,1
BRF:8
BRH:5
end_of_record
TN:
SF:C:\home\a16106p\code\eidcards\group-id-card-vue\src\components\Member\ReplacementCardForm.vue
FN:50,data
FN:56,orderReplacement
FNF:2
FNH:2
FNDA:3,data
FNDA:1,orderReplacement
DA:51,3
DA:57,1
LF:2
LH:2
BRF:0
BRH:0
end_of_record
TN:
SF:C:\home\a16106p\code\eidcards\group-id-card-vue\src\components\Member\TemporaryCardForm.vue
FN:83,data
FN:91,downloadPdf
FNF:2
FNH:2
FNDA:4,data
FNDA:1,downloadPdf
DA:84,4
DA:92,1
LF:2
LH:2
BRF:0
BRH:0
end_of_record
